Response Data:{"insert_id":361,"colors":["942","945","857","1075","899","941"],"sizes":["15"],"colorsType":"array","sizesType":"array"}
Response Data:{"insert_id":362,"colors":["942","945","857","1075","899","941"],"sizes":["15"],"colorsType":"array","sizesType":"array"}
Response Data:{"insert_id":363,"colors":["942","945","857","1075","899","941"],"sizes":["12","13","14","15"],"colorsType":"array","sizesType":"array"}
Response Data:{"insert_id":364,"colors":["936","937","938","939","1386","1329"],"sizes":["12","13","14","15"],"colorsType":"array","sizesType":"array"}
Response Data:{"insert_id":365,"colors":["6","1003","1002","148","18","944","879","12","13","896","897","1004","953","1","1005","930","747","7"],"sizes":["12","13","14","15"],"colorsType":"array","sizesType":"array"}
Response Data:{"insert_id":366,"colors":["6","1003","1002","148","18","944","879","12","13","896","897","1004","953","1","1005","930","747","7"],"sizes":["12","13","14","15"],"colorsType":"array","sizesType":"array"}
Response Data:{"insert_id":367,"colors":["936","937","938","939","1386","1329"],"sizes":["12","13","14","15"],"colorsType":"array","sizesType":"array"}
Response Data:{"insert_id":369,"colors":["849","828","851","17","18","861","1063","1341","420","879","5","4","1","1005","841","16","690","7","850"],"sizes":["12","13","14","15","16"],"colorsType":"array","sizesType":"array"}
Response Data:{"insert_id":370,"colors":["828","851","17","18","861","1063","420","1","1005","7"],"sizes":["10","1","2","3","4"],"colorsType":"array","sizesType":"array"}
Response Data:{"insert_id":371,"colors":["6","17","1131","1118","981","838"],"sizes":["10","1","2","3","4","5","6","7"],"colorsType":"array","sizesType":"array"}
Response Data:{"insert_id":372,"colors":["6","13","922","919","899"],"sizes":["10","1","2","3","4","5","6","7"],"colorsType":"array","sizesType":"array"}
Response Data:{"insert_id":373,"colors":["976","6","977","978","947","7"],"sizes":["10","1","2","3","4","5","6","7"],"colorsType":"array","sizesType":"array"}
Response Data:{"insert_id":374,"colors":["6","946","947","844","899"],"sizes":["10","1","2","3","4","5","6","7"],"colorsType":"array","sizesType":"array"}
Response Data:{"insert_id":375,"colors":["6","1018","1101","1183","1184","1185","1186","947","899","1164","1371"],"sizes":["10","1","2","3","4","5","6","7"],"colorsType":"array","sizesType":"array"}
Response Data:{"insert_id":376,"colors":["1120","1121"],"sizes":["10","1","2","3","4","5","6","7"],"colorsType":"array","sizesType":"array"}
Response Data:{"insert_id":377,"colors":["6","978","977"],"sizes":["10","1","2","3","4","5","6","7"],"colorsType":"array","sizesType":"array"}
Response Data:{"insert_id":378,"colors":["6","980","1035"],"sizes":["10","1","2","3","4","5","6","7"],"colorsType":"array","sizesType":"array"}
Response Data:{"insert_id":379,"colors":["6","1068","394","12","13","4","1","1005","1069","7"],"sizes":["10","1","2","3","4","5","6","7"],"colorsType":"array","sizesType":"array"}
Response Data:{"insert_id":381,"colors":["6","13","1","1005"],"sizes":["10","1","2","3","4","5","6","7"],"colorsType":"array","sizesType":"array"}
Response Data:{"insert_id":382,"colors":["6","1007","1006"],"sizes":["10","1","2","3","4","5","6","7"],"colorsType":"array","sizesType":"array"}
Response Data:{"insert_id":383,"colors":["1160","6","1162","1006","1161","1163","857","947","1164","1165","7"],"sizes":["10","1","2","3","4","5","6","7"],"colorsType":"array","sizesType":"array"}
Response Data:{"insert_id":384,"colors":["6","9","18","13","1","1005","7"],"sizes":["10","1","2","3","4","5","6","7"],"colorsType":"array","sizesType":"array"}
Response Data:{"insert_id":386,"colors":["1172","1173","1174"],"sizes":["10","1","2","3","4","5","6","7"],"colorsType":"array","sizesType":"array"}
Response Data:{"insert_id":387,"colors":["942","945","944","975","1075"],"sizes":["10","1","2","3","4","5","6","7"],"colorsType":"array","sizesType":"array"}
Response Data:{"insert_id":388,"colors":["6","1006"],"sizes":["10","1","2","3","4","5","6","7"],"colorsType":"array","sizesType":"array"}
Response Data:{"insert_id":389,"colors":["1166","1168","1382"],"sizes":["10","1","2","3","4","5","6","7"],"colorsType":"array","sizesType":"array"}
Response Data:{"insert_id":390,"colors":["942","945","1117","1075"],"sizes":["10","1","2","3","4","5","6","7"],"colorsType":"array","sizesType":"array"}
Response Data:{"insert_id":391,"colors":["43","940","9","148","941","1074","942","943","945","944","857","1075","15","1076","899","7"],"sizes":["10","1","2","3","4","5","6","7"],"colorsType":"array","sizesType":"array"}
Response Data:{"insert_id":392,"colors":["6","13","542","7"],"sizes":["10","1","2","3","4","5","6","7"],"colorsType":"array","sizesType":"array"}
Response Data:{"insert_id":393,"colors":["1059","906","1060","1061"],"sizes":["10","1","2","3","4","5","6","7"],"colorsType":"array","sizesType":"array"}
Response Data:{"insert_id":394,"colors":["6","980","1006","857"],"sizes":["10","1","2","3","4","5","6","7"],"colorsType":"array","sizesType":"array"}
Response Data:{"insert_id":395,"colors":["63","6","861","857"],"sizes":["10","1","2","3","4","5","6","7"],"colorsType":"array","sizesType":"array"}
Response Data:{"insert_id":396,"colors":["1127","1126"],"sizes":["10","1","2","3","4","5","6","7"],"colorsType":"array","sizesType":"array"}
Response Data:{"insert_id":397,"colors":["1127","1181","1179","1182"],"sizes":["10","1","2","3","4","5","6","7"],"colorsType":"array","sizesType":"array"}
Response Data:{"insert_id":398,"colors":["1127","1383","1175","1231","291","1176","13","1177","1178","1179","1180"],"sizes":["10","1","2","3","4","5","6","7"],"colorsType":"array","sizesType":"array"}
Response Data:{"insert_id":399,"colors":["1070","6","950","946","947","844","899","7","951","953"],"sizes":["10","1","2","3","4","5","6","7"],"colorsType":"array","sizesType":"array"}
Response Data:{"insert_id":400,"colors":["828","1062","863","325","1063","1064","1065","1066","898","1067","899","7"],"sizes":["10","1","2","3","4","5","6","7"],"colorsType":"array","sizesType":"array"}
Response Data:{"insert_id":401,"colors":["849","828","851","137","17","863","1063","1341","13","4","1","1005","695","7"],"sizes":["10","1","2","3","4","5","6","7"],"colorsType":"array","sizesType":"array"}
Response Data:{"insert_id":402,"colors":["1077","1078","1079","1080","873","1379","1083","1020","1084","1085","1086"],"sizes":["10","1","2","3","4","5","6","7"],"colorsType":"array","sizesType":"array"}
Response Data:{"insert_id":403,"colors":["1124","6","1125","13"],"sizes":["10","1","2","3","4","5","6","7"],"colorsType":"array","sizesType":"array"}
Response Data:{"insert_id":404,"colors":["6","921","13"],"sizes":["10","1","2","3","4","5","6","7"],"colorsType":"array","sizesType":"array"}
Response Data:{"insert_id":405,"colors":["6","948","949","1101","325","346","950","946","394","433","951","12","953","4","952","947","844","899","7"],"sizes":["10","1","2","3","4","5","6","7"],"colorsType":"array","sizesType":"array"}
Response Data:{"insert_id":406,"colors":["6","1155","1101","947","899"],"sizes":["10","1","2","3","4","5","6","7"],"colorsType":"array","sizesType":"array"}
Response Data:{"insert_id":407,"colors":["6","17","19","20","1005"],"sizes":["12","13","14","15","16"],"colorsType":"array","sizesType":"array"}
Response Data:{"insert_id":408,"colors":["6","1068","13","1","1005","1069"],"sizes":["12","13","14","15","16"],"colorsType":"array","sizesType":"array"}
Response Data:{"insert_id":409,"colors":["1122","942","1123"],"sizes":["10","1","2","3","4","5","6","7"],"colorsType":"array","sizesType":"array"}
Response Data:{"insert_id":410,"colors":["829","1022","1023","1020","1021"],"sizes":["10","1","2","3","4","5","6","7"],"colorsType":"array","sizesType":"array"}
Response Data:{"insert_id":411,"colors":["6","916"],"sizes":["12","13","14","15","16"],"colorsType":"array","sizesType":"array"}
Response Data:{"insert_id":412,"colors":["6","984","985","986","663","919","764","947"],"sizes":["10","1","2","3","4","5","6","7"],"colorsType":"array","sizesType":"array"}
Response Data:{"insert_id":414,"colors":["1115","942"],"sizes":["10","1","2","3","4","5","6","7"],"colorsType":"array","sizesType":"array"}
Response Data:{"insert_id":415,"colors":["6","917","918","857","919","764","947","782","7"],"sizes":["10","1","2","3","4","5","6","7"],"colorsType":"array","sizesType":"array"}
Response Data:{"insert_id":416,"colors":["63","6","980"],"sizes":["12","13","14","15","16"],"colorsType":"array","sizesType":"array"}
Response Data:{"insert_id":417,"colors":["6","17","19","1005"],"sizes":["12","13","14","15","16"],"colorsType":"array","sizesType":"array"}
Response Data:{"insert_id":418,"colors":["850","6","1102","1101","932","1103","12","13"],"sizes":["1","2","3","4","5","6"],"colorsType":"array","sizesType":"array"}
Response Data:{"insert_id":422,"colors":["6","948","1101","325","950","946","394","12","4","947","844","899","7"],"sizes":["12","13","14","15","16"],"colorsType":"array","sizesType":"array"}
Response Data:{"insert_id":423,"colors":["988","989","990","914","923","991","1001","926","927","994","995","996","997","998","916","931","747","999","782","1000"],"sizes":["12","13","14","15","16"],"colorsType":"array","sizesType":"array"}
Response Data:{"insert_id":424,"colors":["6","188","13","1005"],"sizes":["12","13","14","15","16"],"colorsType":"array","sizesType":"array"}
Response Data:{"insert_id":425,"colors":["17","1096","1063"],"sizes":["12","13","14","15","16"],"colorsType":"array","sizesType":"array"}
Response Data:{"insert_id":426,"colors":["6","9","188","18","13","1","1005","782"],"sizes":["12","13","14","15","16"],"colorsType":"array","sizesType":"array"}
Response Data:{"insert_id":427,"colors":["1107","1108"],"sizes":["12","13","14","15","16"],"colorsType":"array","sizesType":"array"}
Response Data:{"insert_id":428,"colors":["942","945","1075","899"],"sizes":["12","13","14","15","16"],"colorsType":"array","sizesType":"array"}
Response Data:{"insert_id":429,"colors":["942","899","7"],"sizes":["12","13","14","15","16"],"colorsType":"array","sizesType":"array"}
Response Data:{"insert_id":430,"colors":["6","919","764"],"sizes":["12","13","14","15","16"],"colorsType":"array","sizesType":"array"}
Response Data:{"insert_id":431,"colors":["6","1096","396","916"],"sizes":["12","13","14","15","16"],"colorsType":"array","sizesType":"array"}
Response Data:{"insert_id":432,"colors":["6","542"],"sizes":["12","13","14","15","16"],"colorsType":"array","sizesType":"array"}
Response Data:{"insert_id":433,"colors":["9","942","943","944","857","1075","899","7"],"sizes":["10","1","2","3","4"],"colorsType":"array","sizesType":"array"}
Response Data:{"insert_id":434,"colors":["988","989","990","914","923","991","1001","993","927","994","995","996","997","998","916","931","747","999","782","1000"],"sizes":["12","13","14","15","16"],"colorsType":"array","sizesType":"array"}
Response Data:{"insert_id":435,"colors":["6","19","1006"],"sizes":["12","13","14","15","16"],"colorsType":"array","sizesType":"array"}
Response Data:{"insert_id":436,"colors":["6","13","1005","930"],"sizes":["12","13","14","15","16"],"colorsType":"array","sizesType":"array"}
Response Data:{"insert_id":437,"colors":["6","13","1005","930"],"sizes":["12","13","14","15","16"],"colorsType":"array","sizesType":"array"}
Response Data:{"insert_id":438,"colors":["1070","6","140","148","949","1101","325","950","946","394","951","12","896","897","4","690","10","952","947","844","899","7"],"sizes":["12","13","14","15","16"],"colorsType":"array","sizesType":"array"}
Response Data:{"insert_id":439,"colors":["6","9","188","18","420","13","1","1005","930","916","931","7"],"sizes":["12","13","14","15","16"],"colorsType":"array","sizesType":"array"}
Response Data:{"insert_id":441,"colors":["6","13","1005","930"],"sizes":["12","13","14","15","16"],"colorsType":"array","sizesType":"array"}
Response Data:{"insert_id":442,"colors":["1127","1192","1193","1075","1180"],"sizes":["10","1","2","3","4","5","6","7"],"colorsType":"array","sizesType":"array"}
Response Data:{"insert_id":443,"colors":["6","1110","1109","947","1020","844","899","1021"],"sizes":["12","13","14","15","16"],"colorsType":"array","sizesType":"array"}
Response Data:{"insert_id":444,"colors":["6","17","19","1005"],"sizes":["12","13","14","15","16"],"colorsType":"array","sizesType":"array"}
